2024-12-16 13:20:20,275 - Created 87,518 records
2025-01-13 16:18:49,794 - Created 87,518 records
2025-01-13 16:36:14,030 - Created 87,518 records
2025-01-13 17:08:00,483 - INFO - Logging initialized.
2025-01-13 17:08:00,484 - INFO - Loading environment variables.
2025-01-13 17:24:34,994 - INFO - Logging initialized.
2025-01-13 17:37:25,201 - INFO - Logging initialized.
2025-01-13 17:37:25,202 - INFO - Loading environment variables.
2025-01-13 17:37:25,241 - INFO - Environment variables loaded successfully.
2025-01-13 17:37:25,241 - INFO - Starting grid creation process.
2025-01-13 17:37:25,241 - INFO - Extracting region shape for REGION=08.
2025-01-13 17:37:26,797 - INFO - Region shape extracted successfully.
2025-01-13 17:37:26,797 - INFO - Generating Equi7 grid.
2025-01-13 17:52:50,020 - INFO - Created 87,518 records
2025-01-13 17:52:54,566 - INFO - Equi7 grid generated and saved successfully.
2025-01-13 17:52:54,568 - INFO - Creating convex hulls.
2025-01-13 17:54:14,936 - INFO - Created 1,929 records
2025-01-13 17:54:14,938 - INFO - Convex hulls created and saved successfully.
2025-01-13 17:54:15,187 - INFO - Intersecting grid with convex hulls.
2025-01-13 17:54:15,202 - ERROR - Error during grid intersection: "['IDX_D'] not found in axis"
2025-01-13 17:54:15,202 - ERROR - An error occurred during grid creation: "['IDX_D'] not found in axis"
2025-01-13 17:56:09,774 - INFO - Logging initialized.
2025-01-13 17:56:09,776 - INFO - Loading environment variables.
2025-01-13 17:56:09,808 - INFO - Environment variables loaded successfully.
2025-01-13 17:56:09,808 - INFO - Starting grid creation process.
2025-01-13 17:56:09,808 - INFO - Extracting region shape for REGION=08.
2025-01-13 17:56:10,073 - INFO - Region shape extracted successfully.
2025-01-13 17:56:10,073 - INFO - Generating Equi7 grid.
2025-01-13 18:11:42,380 - INFO - Created 87,518 records
2025-01-13 18:11:46,801 - INFO - Equi7 grid generated and saved successfully.
2025-01-13 18:11:46,803 - INFO - Creating convex hulls.
2025-01-13 18:13:11,206 - INFO - Created 1,929 records
2025-01-13 18:13:11,208 - INFO - Convex hulls created and saved successfully.
2025-01-13 18:13:11,470 - INFO - Intersecting grid with convex hulls.
2025-01-13 18:13:11,688 - INFO - Created 3,221 records
2025-01-13 18:13:13,619 - INFO - Grid intersection completed successfully.
2025-01-13 18:13:24,587 - INFO - Created 5,615 records
2025-01-13 18:13:24,672 - INFO - plot intersected grid in batches of 100 cells.
2025-01-13 18:13:26,468 - INFO - Grid creation process completed successfully.
2025-01-14 08:10:05,441 - INFO - Logging initialized.
2025-01-14 08:10:05,442 - INFO - Loading environment variables.
2025-01-14 08:10:05,447 - INFO - Environment variables loaded successfully.
2025-01-14 08:10:05,448 - INFO - Starting grid creation process.
2025-01-14 08:10:05,448 - INFO - Extracting region shape for REGION=08.
2025-01-14 08:10:05,918 - INFO - Region shape extracted successfully.
2025-01-14 08:10:05,920 - INFO - Generating Equi7 grid.
2025-01-14 08:13:27,458 - INFO - Logging initialized.
2025-01-14 08:13:27,459 - INFO - Loading environment variables.
2025-01-14 08:13:27,463 - INFO - Environment variables loaded successfully.
2025-01-14 08:13:27,463 - INFO - Starting grid creation process.
2025-01-14 08:13:27,463 - INFO - Extracting region shape for REGION=08.
2025-01-14 08:13:27,575 - INFO - Region shape extracted successfully.
2025-01-14 08:13:27,575 - INFO - Generating Equi7 grid.
2025-01-14 08:28:50,686 - INFO - Created 87,518 records
2025-01-14 08:28:54,838 - INFO - Equi7 grid generated and saved successfully.
2025-01-14 08:28:54,840 - INFO - Creating convex hulls.
2025-01-14 08:30:07,953 - INFO - Created 1,929 records
2025-01-14 08:30:07,954 - INFO - Convex hulls created and saved successfully.
2025-01-14 08:30:08,207 - INFO - Intersecting grid with convex hulls.
2025-01-14 08:30:08,427 - INFO - Created 1,050 records
2025-01-14 08:30:10,108 - INFO - Grid intersection completed successfully.
2025-01-14 08:30:10,847 - INFO - Adding minicube index to s1dm data.
2025-01-14 08:30:20,265 - INFO - Created 5,619 records
2025-01-14 08:30:20,267 - INFO - Minicube index added and saved successfully for s1dm.
2025-01-14 08:30:20,350 - INFO - Adding minicube index to ids data.
2025-01-14 08:30:22,134 - INFO - Created 2,491 records
2025-01-14 08:30:22,137 - INFO - plot intersected grid in batches of 100 cells.
2025-01-14 08:30:23,707 - INFO - Grid creation process completed successfully.
2025-01-14 11:07:21,938 - INFO - Logging initialized.
2025-01-14 11:07:21,939 - INFO - Loading environment variables.
2025-01-14 11:07:21,944 - INFO - Environment variables loaded successfully.
2025-01-14 11:07:21,944 - INFO - Starting grid creation process.
2025-01-14 11:07:21,944 - INFO - Extracting region shape for REGION=08.
2025-01-14 11:07:22,796 - INFO - Region shape extracted successfully.
2025-01-14 11:07:22,797 - INFO - Generating Equi7 grid.
2025-01-14 11:22:56,181 - INFO - Created 87,518 records
2025-01-14 11:23:00,887 - INFO - Equi7 grid generated and saved successfully.
2025-01-14 11:23:00,889 - INFO - Creating convex hulls.
2025-01-14 11:24:34,001 - INFO - Created 1,929 records
2025-01-14 11:24:34,003 - INFO - Convex hulls created and saved successfully.
2025-01-14 11:24:34,215 - INFO - Intersecting grid with convex hulls.
2025-01-14 11:24:34,474 - INFO - Created 1,050 records
2025-01-14 11:24:36,363 - INFO - Grid intersection completed successfully.
2025-01-14 11:24:37,174 - INFO - Adding minicube index to s1dm data.
2025-01-14 11:24:37,227 - ERROR - Error while adding minicube index to s1dm: name 'reprojected_ids' is not defined
2025-01-14 11:24:37,227 - ERROR - An error occurred during grid creation: name 'reprojected_ids' is not defined
2025-01-14 11:29:33,162 - INFO - Logging initialized.
2025-01-14 11:29:33,163 - INFO - Loading environment variables.
2025-01-14 11:29:33,168 - INFO - Environment variables loaded successfully.
2025-01-14 11:29:33,168 - INFO - Starting grid creation process.
2025-01-14 11:29:33,168 - INFO - Extracting region shape for REGION=08.
2025-01-14 11:29:33,591 - INFO - Region shape extracted successfully.
2025-01-14 11:29:33,591 - INFO - Generating Equi7 grid.
2025-01-14 11:45:00,343 - INFO - Created 87,518 records
2025-01-14 11:45:04,724 - INFO - Equi7 grid generated and saved successfully.
2025-01-14 11:45:04,726 - INFO - Creating convex hulls.
2025-01-14 11:46:30,534 - INFO - Created 1,929 records
2025-01-14 11:46:30,536 - INFO - Convex hulls created and saved successfully.
2025-01-14 11:46:30,714 - INFO - Intersecting grid with convex hulls.
2025-01-14 11:46:30,979 - INFO - Created 1,050 records
2025-01-14 11:46:32,778 - INFO - Grid intersection completed successfully.
2025-01-14 11:46:33,541 - INFO - Adding minicube index to s1dm data.
2025-01-14 11:46:38,138 - INFO - Created 5,615 records
2025-01-14 11:46:38,140 - INFO - Minicube index added and saved successfully for s1dm.
2025-01-14 11:46:38,141 - INFO - Adding minicube index to ids data.
2025-01-14 11:46:39,826 - INFO - Created 2,491 records
2025-01-14 11:46:39,828 - INFO - plot intersected grid in batches of 100 cells.
2025-01-14 11:46:41,410 - INFO - Grid creation process completed successfully.
