2024-12-10 15:51:27,836 - IDSProcessor initialized.
2024-12-10 15:51:27,837 - Loading CSV file for Region 08...
2024-12-10 15:51:32,651 - Data loaded successfully. Records: 68916
2024-12-10 15:51:32,652 - Processing and cleaning disturbance data...
2024-12-10 15:52:43,408 - Filtered data for survey years > 2009.
2024-12-10 15:52:43,409 - Removing temporal and spatial overlaps...
2024-12-10 15:53:13,391 - Number of records after removing overlaps: 8334
2024-12-10 15:53:42,617 - Number of records with detected overlaps: 9459
2024-12-10 15:53:55,658 - Analyzing and enriching overlaps completed.
2024-12-10 15:53:55,750 - Renamed columns for compatibility.
2024-12-10 15:53:55,755 - Filtering disturbance data...
2024-12-10 15:53:55,989 - Data filtered successfully. Remaining records: 2491
2024-12-10 15:53:55,991 - Number of elements: 2491
2024-12-10 15:53:55,991 - Unique events | Total events: 2448 | 2491
2024-12-10 15:53:55,991 - Overlapping events: 43
2024-12-10 15:53:55,991 - Saving data in original CRS...
2024-12-10 15:53:56,255 - Created 2,491 records
2024-12-10 15:53:56,262 - Data saved successfully to /home/sc.uni-leipzig.de/sy58xupo/ForExD-WP1-P1/results_clean//region_08_dca_filtered_ids_usda_polygons.shp
2024-12-10 15:53:56,262 - Reprojecting data to target CRS and saving...
2024-12-10 15:53:56,534 - Created 2,491 records
2024-12-10 15:53:56,541 - Reprojected data saved successfully to /home/sc.uni-leipzig.de/sy58xupo/ForExD-WP1-P1/results_clean//region08_dca_filtered_ids_usda_polygons_espg_27705.shp
2024-12-10 15:53:56,541 - Plotting regions disturbances...
2024-12-10 15:53:59,266 - Plot saved to /home/sc.uni-leipzig.de/sy58xupo/ForExD-WP1-P1/figures//p1_f1_disturbances_region_08.png
2024-12-10 15:56:57,424 - IDSProcessor initialized.
2024-12-10 15:56:57,427 - Loading CSV file for Region 08...
2024-12-10 15:57:02,015 - Data loaded successfully. Records: 68916
2024-12-10 15:57:02,016 - Processing and cleaning disturbance data...
2024-12-10 15:58:07,251 - Filtered data for survey years > 2009.
2024-12-10 15:58:07,254 - Removing temporal and spatial overlaps...
2024-12-10 15:58:26,683 - Number of records after removing overlaps: 8334
2024-12-10 15:58:44,466 - Number of records with detected overlaps: 9459
2024-12-10 15:58:54,942 - Analyzing and enriching overlaps completed.
2024-12-10 15:58:55,011 - Renamed columns for compatibility.
2024-12-10 15:58:55,013 - Filtering disturbance data...
2024-12-10 15:58:55,134 - Data filtered successfully. Remaining records: 2491
2024-12-10 15:58:55,134 - Number of elements: 2491
2024-12-10 15:58:55,134 - Unique events | Total events: 2448 | 2491
2024-12-10 15:58:55,134 - Overlapping events: 43
2024-12-10 15:58:55,134 - Saving data in original CRS...
2024-12-10 15:58:55,287 - Created 2,491 records
2024-12-10 15:58:55,293 - Data saved successfully to /home/sc.uni-leipzig.de/sy58xupo/ForExD-WP1-P1/results_clean//region_08_dca_filtered_ids_usda_polygons.shp
2024-12-10 15:58:55,293 - Reprojecting data to target CRS and saving...
2024-12-10 15:58:55,479 - Created 2,491 records
2024-12-10 15:58:55,485 - Reprojected data saved successfully to /home/sc.uni-leipzig.de/sy58xupo/ForExD-WP1-P1/results_clean//region08_dca_filtered_ids_usda_polygons_espg_27705.shp
2024-12-10 15:58:55,485 - Plotting regions disturbances...
2024-12-10 15:58:57,511 - Plot saved to /home/sc.uni-leipzig.de/sy58xupo/ForExD-WP1-P1/figures//p1_f1_disturbances_region_08.png
2024-12-10 16:00:29,537 - IDSProcessor initialized.
2024-12-10 16:00:29,537 - Loading CSV file for Region 08...
2024-12-10 16:00:33,777 - Data loaded successfully. Records: 68916
2024-12-10 16:00:33,778 - Processing and cleaning disturbance data...
2024-12-10 16:01:39,121 - Filtered data for survey years > 2009.
2024-12-10 16:01:39,123 - Removing temporal and spatial overlaps...
2024-12-10 16:01:59,113 - Number of records after removing overlaps: 8334
2024-12-10 16:02:18,919 - Number of records with detected overlaps: 9459
2024-12-10 16:02:30,697 - Analyzing and enriching overlaps completed.
2024-12-10 16:02:30,775 - Renamed columns for compatibility.
2024-12-10 16:02:30,777 - Filtering disturbance data...
2024-12-10 16:02:30,905 - Data filtered successfully. Remaining records: 2491
2024-12-10 16:02:30,905 - Number of elements: 2491
2024-12-10 16:02:30,905 - Unique events | Total events: 2448 | 2491
2024-12-10 16:02:30,905 - Overlapping events: 43
2024-12-10 16:02:30,906 - Saving data in original CRS...
2024-12-10 16:02:31,017 - Created 2,491 records
2024-12-10 16:02:31,024 - Data saved successfully to /home/sc.uni-leipzig.de/sy58xupo/ForExD-WP1-P1/results_clean//region_08_dca_filtered_ids_usda_polygons.shp
2024-12-10 16:02:31,024 - Reprojecting data to target CRS and saving...
2024-12-10 16:02:31,222 - Created 2,491 records
2024-12-10 16:02:31,228 - Reprojected data saved successfully to /home/sc.uni-leipzig.de/sy58xupo/ForExD-WP1-P1/results_clean//region08_dca_filtered_ids_usda_polygons_espg_27705.shp
2024-12-10 16:02:31,228 - Plotting regions disturbances...
2024-12-10 16:02:33,318 - Plot saved to /home/sc.uni-leipzig.de/sy58xupo/ForExD-WP1-P1/figures//p1_f1_disturbances_region_08.png
2024-12-10 16:04:58,727 - IDSProcessor initialized.
2024-12-10 16:04:58,728 - Loading CSV file for Region 08...
2024-12-10 16:05:03,635 - Data loaded successfully. Records: 68916
2024-12-10 16:05:03,635 - Processing and cleaning disturbance data...
2024-12-10 16:06:12,961 - Filtered data for survey years > 2009.
2024-12-10 16:06:12,963 - Removing temporal and spatial overlaps...
2024-12-10 16:06:33,852 - Number of records after removing overlaps: 8334
2024-12-10 16:06:53,486 - Number of records with detected overlaps: 9459
2024-12-10 16:07:05,422 - Analyzing and enriching overlaps completed.
2024-12-10 16:07:05,502 - Renamed columns for compatibility.
2024-12-10 16:07:05,503 - Filtering disturbance data...
2024-12-10 16:07:05,637 - Data filtered successfully. Remaining records: 2491
2024-12-10 16:07:05,638 - Number of elements: 2491
2024-12-10 16:07:05,638 - Unique events | Total events: 2448 | 2491
2024-12-10 16:07:05,638 - Overlapping events: 43
2024-12-10 16:07:05,638 - Saving data in original CRS...
2024-12-10 16:07:05,830 - Created 2,491 records
2024-12-10 16:07:05,832 - Data saved successfully to /work/sy58xupo-CleaningSpace/ForExD-WP1-P1/results_clean//region_08_dca_filtered_ids_usda_polygons.shp
2024-12-10 16:07:05,832 - Reprojecting data to target CRS and saving...
2024-12-10 16:07:06,109 - Created 2,491 records
2024-12-10 16:07:06,110 - Reprojected data saved successfully to /work/sy58xupo-CleaningSpace/ForExD-WP1-P1/results_clean//region08_dca_filtered_ids_usda_polygons_espg_27705.shp
2024-12-10 16:07:06,110 - Plotting regions disturbances...
2024-12-10 16:07:08,597 - Plot saved to /work/sy58xupo-CleaningSpace/ForExD-WP1-P1/figures//p1_f1_disturbances_region_08.png
2024-12-16 15:32:23,434 - IDSProcessor initialized.
2024-12-16 15:32:23,462 - Loading CSV file for Region 08...
2024-12-16 15:32:28,033 - Data loaded successfully. Records: 68916
2024-12-16 15:32:28,033 - Processing and cleaning disturbance data...
2024-12-16 15:33:28,950 - Filtered data for survey years > 2009.
2024-12-16 15:33:28,951 - Removing temporal and spatial overlaps...
2024-12-16 15:33:47,229 - Number of records after removing overlaps: 8334
2024-12-16 15:34:04,800 - Number of records with detected overlaps: 9459
2024-12-16 15:34:15,465 - Analyzing and enriching overlaps completed.
2024-12-16 15:34:15,533 - Renamed columns for compatibility.
2024-12-16 15:34:15,535 - Filtering disturbance data...
2024-12-16 15:34:15,721 - Data filtered successfully. Remaining records: 2491
2024-12-16 15:34:15,722 - Number of elements: 2491
2024-12-16 15:34:15,722 - Unique events | Total events: 2448 | 2491
2024-12-16 15:34:15,722 - Overlapping events: 43
2024-12-16 15:34:15,722 - Saving data in original CRS...
2024-12-16 15:34:16,112 - Created 2,491 records
2024-12-16 15:34:16,113 - Data saved successfully to /work/sy58xupo-CleaningSpace/ForExD-WP1-P1/results_clean//region_08_dca_filtered_ids_usda_polygons.shp
2024-12-16 15:34:16,113 - Reprojecting data to target CRS and saving...
2024-12-16 15:34:16,427 - Created 2,491 records
2024-12-16 15:34:16,428 - Reprojected data saved successfully to /work/sy58xupo-CleaningSpace/ForExD-WP1-P1/results_clean//region08_dca_filtered_ids_usda_polygons_espg_27705.shp
2024-12-16 15:34:16,428 - Plotting regions disturbances...
2024-12-16 15:34:18,526 - Plot saved to /work/sy58xupo-CleaningSpace/ForExD-WP1-P1/figures//p1_f1_disturbances_region_08.png
2024-12-16 15:34:18,532 - ============================================
Starting batch processing...
2024-12-16 15:34:18,534 - Total files to process: 102
2024-12-16 15:34:18,634 - Processing file: /work/sy58xupo-CleaningSpace/Data/S1_TILES_R8/s1_change_detection_northamerica/EQUI7_NA020M_E084N030T3_rqatrend_VH_A_thresh_3.0_year_2017_cluster.nc for year 2017
2024-12-16 15:34:18,634 - Processing file: /work/sy58xupo-CleaningSpace/Data/S1_TILES_R8/s1_change_detection_northamerica/EQUI7_NA020M_E096N024T3_rqatrend_VH_A_thresh_3.0_year_2021_cluster_compressed.nc for year 2021
2024-12-16 15:34:18,634 - Processing file: /work/sy58xupo-CleaningSpace/Data/S1_TILES_R8/s1_change_detection_northamerica/EQUI7_NA020M_E087N024T3_rqatrend_VH_A_thresh_3.0_year_2016_cluster_compressed.nc for year 2016
2024-12-16 15:34:18,635 - Processing file: /work/sy58xupo-CleaningSpace/Data/S1_TILES_R8/s1_change_detection_northamerica/EQUI7_NA020M_E096N024T3_rqatrend_VH_A_thresh_3.0_year_2016_cluster_compressed.nc for year 2016
2024-12-16 15:34:18,635 - Processing file: /work/sy58xupo-CleaningSpace/Data/S1_TILES_R8/s1_change_detection_northamerica/EQUI7_NA020M_E087N024T3_rqatrend_VH_A_thresh_3.0_year_2021_cluster_compressed.nc for year 2021
2024-12-16 15:34:18,635 - Processing file: /work/sy58xupo-CleaningSpace/Data/S1_TILES_R8/s1_change_detection_northamerica/EQUI7_NA020M_E099N030T3_rqatrend_VH_A_thresh_3.0_year_2018_cluster_compressed.nc for year 2018
2024-12-16 15:34:18,635 - Processing file: /work/sy58xupo-CleaningSpace/Data/S1_TILES_R8/s1_change_detection_northamerica/EQUI7_NA020M_E093N033T3_rqatrend_VH_A_thresh_3.0_year_2016_cluster_compressed.nc for year 2016
2024-12-16 15:34:18,635 - Processing file: /work/sy58xupo-CleaningSpace/Data/S1_TILES_R8/s1_change_detection_northamerica/EQUI7_NA020M_E084N027T3_rqatrend_VH_A_thresh_3.0_year_2018_cluster_compressed.nc for year 2018
2024-12-16 15:34:36,885 - Opening TCC file...
2024-12-16 15:34:36,907 - Extracting spatial extent from the dataset...
2024-12-16 15:34:36,909 - Selecting subset from TCC data...
2024-12-16 15:34:37,164 - Opening TCC file...
2024-12-16 15:34:37,197 - Extracting spatial extent from the dataset...
2024-12-16 15:34:37,199 - Selecting subset from TCC data...
2024-12-16 15:34:37,813 - Opening TCC file...
2024-12-16 15:34:37,831 - Extracting spatial extent from the dataset...
2024-12-16 15:34:37,834 - Selecting subset from TCC data...
2024-12-16 15:34:38,176 - Opening TCC file...
2024-12-16 15:34:38,197 - Extracting spatial extent from the dataset...
2024-12-16 15:34:38,199 - Selecting subset from TCC data...
2024-12-16 15:34:39,197 - Opening TCC file...
2024-12-16 15:34:39,235 - Extracting spatial extent from the dataset...
2024-12-16 15:34:39,238 - Selecting subset from TCC data...
2024-12-16 15:34:40,289 - Opening TCC file...
2024-12-16 15:34:40,309 - Extracting spatial extent from the dataset...
2024-12-16 15:34:40,312 - Selecting subset from TCC data...
2024-12-16 15:34:40,718 - Opening TCC file...
2024-12-16 15:34:40,738 - Extracting spatial extent from the dataset...
2024-12-16 15:34:40,740 - Selecting subset from TCC data...
2024-12-16 15:34:41,057 - Opening TCC file...
2024-12-16 15:34:41,076 - Extracting spatial extent from the dataset...
2024-12-16 15:34:41,079 - Selecting subset from TCC data...
2024-12-16 15:34:47,804 - Interpolating normalized subset to match dataset's coordinates...
2024-12-16 15:34:48,202 - Interpolating normalized subset to match dataset's coordinates...
2024-12-16 15:34:50,458 - Interpolating normalized subset to match dataset's coordinates...
2024-12-16 15:34:52,576 - Applying mask to dataset...
2024-12-16 15:34:53,062 - Applying mask to dataset...
2024-12-16 15:34:54,165 - Interpolating normalized subset to match dataset's coordinates...
2024-12-16 15:34:54,650 - Interpolating normalized subset to match dataset's coordinates...
2024-12-16 15:34:54,661 - Interpolating normalized subset to match dataset's coordinates...
2024-12-16 15:34:55,417 - Interpolating normalized subset to match dataset's coordinates...
2024-12-16 15:34:56,397 - Polygon extraction completed successfully for EQUI7_NA020M_E087N024T3_rqatrend_VH_A_thresh_3.0_year_2016_cluster_compressed.nc.
2024-12-16 15:34:57,084 - Interpolating normalized subset to match dataset's coordinates...
2024-12-16 15:34:59,106 - Applying mask to dataset...
2024-12-16 15:35:00,866 - Applying mask to dataset...
2024-12-16 15:35:01,506 - Polygon extraction completed successfully for EQUI7_NA020M_E084N030T3_rqatrend_VH_A_thresh_3.0_year_2017_cluster.nc.
2024-12-16 15:35:03,389 - Polygon extraction completed successfully for EQUI7_NA020M_E084N027T3_rqatrend_VH_A_thresh_3.0_year_2018_cluster_compressed.nc.
2024-12-16 15:35:03,963 - Applying mask to dataset...
2024-12-16 15:35:04,220 - Applying mask to dataset...
2024-12-16 15:35:05,050 - Applying mask to dataset...
2024-12-16 15:35:05,943 - Applying mask to dataset...
2024-12-16 15:35:07,388 - Polygon extraction completed successfully for EQUI7_NA020M_E096N024T3_rqatrend_VH_A_thresh_3.0_year_2021_cluster_compressed.nc.
2024-12-16 15:35:07,532 - Polygon extraction completed successfully for EQUI7_NA020M_E096N024T3_rqatrend_VH_A_thresh_3.0_year_2016_cluster_compressed.nc.
2024-12-16 15:35:08,074 - Polygon extraction completed successfully for EQUI7_NA020M_E087N024T3_rqatrend_VH_A_thresh_3.0_year_2021_cluster_compressed.nc.
2024-12-16 15:35:08,871 - Polygon extraction completed successfully for EQUI7_NA020M_E093N033T3_rqatrend_VH_A_thresh_3.0_year_2016_cluster_compressed.nc.
2024-12-16 15:35:09,732 - Polygon extraction completed successfully for EQUI7_NA020M_E099N030T3_rqatrend_VH_A_thresh_3.0_year_2018_cluster_compressed.nc.
2024-12-16 15:37:39,785 - Polygon extraction completed successfully for EQUI7_NA020M_E099N030T3_rqatrend_VH_A_thresh_3.0_year_2018_cluster_compressed.nc.
2024-12-16 15:37:40,229 - Step 1: Loading and buffering USDA polygons...
2024-12-16 15:37:40,638 - Step 2: Filtering USDA polygons within ±0 years of 2018...
2024-12-16 15:37:40,683 - Step 3: Calculating area before intersection...
2024-12-16 15:37:41,710 - Step 4: Performing spatial join to find intersecting polygons...
2024-12-16 15:37:41,769 - Step 5: Calculating area after intersection...
2024-12-16 15:37:41,776 - Processed /work/sy58xupo-CleaningSpace/Data/S1_TILES_R8/s1_change_detection_northamerica/EQUI7_NA020M_E099N030T3_rqatrend_VH_A_thresh_3.0_year_2018_cluster_compressed.nc and added metadata.
2024-12-16 15:37:41,776 - Step 6: Aggregating geometries by USDA_IDX...
2024-12-16 15:37:41,834 - Step 7: Reprojecting and saving output shapefile...
2024-12-16 15:37:41,986 - Created 11 records
2024-12-16 15:37:41,989 - Polygon extraction successful for /work/sy58xupo-CleaningSpace/Data/S1_TILES_R8/s1_change_detection_northamerica/EQUI7_NA020M_E099N030T3_rqatrend_VH_A_thresh_3.0_year_2018_cluster_compressed.nc, saved to /work/sy58xupo-CleaningSpace/ForExD-WP1-P1/results_clean/03_s1cd_polygons
2024-12-16 15:37:41,989 - Extraction successful for EQUI7_NA020M_E099N030T3_rqatrend_VH_A_thresh_3.0_year_2018_cluster_compressed.nc
2024-12-16 15:37:41,989 - Successfully processed EQUI7_NA020M_E099N030T3_rqatrend_VH_A_thresh_3.0_year_2018_cluster_compressed.nc
2024-12-16 15:37:42,128 - Processing file: /work/sy58xupo-CleaningSpace/Data/S1_TILES_R8/s1_change_detection_northamerica/EQUI7_NA020M_E090N030T3_rqatrend_VH_A_thresh_3.0_year_2018_cluster_compressed.nc for year 2018
2024-12-16 15:37:57,648 - Opening TCC file...
2024-12-16 15:37:57,665 - Extracting spatial extent from the dataset...
2024-12-16 15:37:57,666 - Selecting subset from TCC data...
2024-12-16 15:38:04,733 - Interpolating normalized subset to match dataset's coordinates...
2024-12-16 15:38:08,663 - Applying mask to dataset...
2024-12-16 15:38:10,476 - Polygon extraction completed successfully for EQUI7_NA020M_E084N027T3_rqatrend_VH_A_thresh_3.0_year_2018_cluster_compressed.nc.
2024-12-16 15:38:10,847 - Polygon extraction completed successfully for EQUI7_NA020M_E090N030T3_rqatrend_VH_A_thresh_3.0_year_2018_cluster_compressed.nc.
2024-12-16 15:38:11,003 - Step 1: Loading and buffering USDA polygons...
2024-12-16 15:38:11,424 - Step 2: Filtering USDA polygons within ±0 years of 2018...
2024-12-16 15:38:11,468 - Step 3: Calculating area before intersection...
2024-12-16 15:38:12,635 - Step 4: Performing spatial join to find intersecting polygons...
2024-12-16 15:38:12,703 - Step 5: Calculating area after intersection...
2024-12-16 15:38:12,710 - Processed /work/sy58xupo-CleaningSpace/Data/S1_TILES_R8/s1_change_detection_northamerica/EQUI7_NA020M_E084N027T3_rqatrend_VH_A_thresh_3.0_year_2018_cluster_compressed.nc and added metadata.
2024-12-16 15:38:12,710 - Step 6: Aggregating geometries by USDA_IDX...
2024-12-16 15:38:12,734 - Step 7: Reprojecting and saving output shapefile...
2024-12-16 15:38:12,811 - Created 9 records
2024-12-16 15:38:12,813 - Polygon extraction successful for /work/sy58xupo-CleaningSpace/Data/S1_TILES_R8/s1_change_detection_northamerica/EQUI7_NA020M_E084N027T3_rqatrend_VH_A_thresh_3.0_year_2018_cluster_compressed.nc, saved to /work/sy58xupo-CleaningSpace/ForExD-WP1-P1/results_clean/03_s1cd_polygons
2024-12-16 15:38:12,814 - Extraction successful for EQUI7_NA020M_E084N027T3_rqatrend_VH_A_thresh_3.0_year_2018_cluster_compressed.nc
2024-12-16 15:38:12,814 - Successfully processed EQUI7_NA020M_E084N027T3_rqatrend_VH_A_thresh_3.0_year_2018_cluster_compressed.nc
2024-12-16 15:38:12,984 - Processing file: /work/sy58xupo-CleaningSpace/Data/S1_TILES_R8/s1_change_detection_northamerica/EQUI7_NA020M_E093N033T3_rqatrend_VH_A_thresh_3.0_year_2021_cluster_compressed.nc for year 2021
2024-12-16 15:38:29,023 - Opening TCC file...
2024-12-16 15:38:29,037 - Extracting spatial extent from the dataset...
2024-12-16 15:38:29,038 - Selecting subset from TCC data...
2024-12-16 15:38:34,474 - Interpolating normalized subset to match dataset's coordinates...
2024-12-16 15:39:46,215 - IDSProcessor initialized.
2024-12-16 15:39:46,215 - Loading CSV file for Region 08...
2024-12-16 15:39:50,448 - Data loaded successfully. Records: 68916
2024-12-16 15:39:50,450 - Processing and cleaning disturbance data...
2024-12-16 15:40:51,088 - Filtered data for survey years > 2009.
2024-12-16 15:40:51,090 - Removing temporal and spatial overlaps...
2024-12-16 15:41:09,360 - Number of records after removing overlaps: 8334
2024-12-16 15:41:27,096 - Number of records with detected overlaps: 9459
2024-12-16 15:41:37,634 - Analyzing and enriching overlaps completed.
2024-12-16 15:41:37,703 - Renamed columns for compatibility.
2024-12-16 15:41:37,704 - Filtering disturbance data...
2024-12-16 15:41:37,878 - Data filtered successfully. Remaining records: 2491
2024-12-16 15:41:37,879 - Number of elements: 2491
2024-12-16 15:41:37,879 - Unique events | Total events: 2448 | 2491
2024-12-16 15:41:37,879 - Overlapping events: 43
2024-12-16 15:41:37,879 - Saving data in original CRS...
2024-12-16 15:41:38,088 - Created 2,491 records
2024-12-16 15:41:38,089 - Data saved successfully to /work/sy58xupo-CleaningSpace/ForExD-WP1-P1/results_clean//region_08_dca_filtered_ids_usda_polygons.shp
2024-12-16 15:41:38,089 - Reprojecting data to target CRS and saving...
2024-12-16 15:41:38,365 - Created 2,491 records
2024-12-16 15:41:38,366 - Reprojected data saved successfully to /work/sy58xupo-CleaningSpace/ForExD-WP1-P1/results_clean//region08_dca_filtered_ids_usda_polygons_espg_27705.shp
2024-12-16 15:41:38,366 - Plotting regions disturbances...
2024-12-16 15:41:40,329 - Plot saved to /work/sy58xupo-CleaningSpace/ForExD-WP1-P1/figures//p1_f1_disturbances_region_08.png
2024-12-16 15:41:40,334 - 

2024-12-16 15:41:40,334 - Normalize raster
2024-12-16 15:41:40,334 - Deleting existing file: /work/sy58xupo-CleaningSpace/Data/CONUS/tcc/wp1_nlcd_tcc_conus_2017_v2021_4_20m_EPSG_4326_cropped_normalized_region_08.tif
2024-12-16 15:41:50,602 - Step 1: Calculating global min and max for /work/sy58xupo-CleaningSpace/Data/CONUS/tcc/wp1_nlcd_tcc_conus_2017_v2021_4_20m_EPSG_4326_cropped_region_08.tif
2024-12-16 15:42:15,596 - Global Min: 0, Global Max: 255
2024-12-16 15:42:15,596 - Step 2: Normalizing raster /work/sy58xupo-CleaningSpace/Data/CONUS/tcc/wp1_nlcd_tcc_conus_2017_v2021_4_20m_EPSG_4326_cropped_region_08.tif -> /work/sy58xupo-CleaningSpace/Data/CONUS/tcc/wp1_nlcd_tcc_conus_2017_v2021_4_20m_EPSG_4326_cropped_normalized_region_08.tif
2024-12-16 15:44:15,795 - Normalization completed. Saved to /work/sy58xupo-CleaningSpace/Data/CONUS/tcc/wp1_nlcd_tcc_conus_2017_v2021_4_20m_EPSG_4326_cropped_normalized_region_08.tif.
2024-12-16 15:44:15,796 - Plot raster with region boundaries
2024-12-16 15:44:15,796 - Plotting raster /work/sy58xupo-CleaningSpace/Data/CONUS/tcc/wp1_nlcd_tcc_conus_2017_v2021_4_20m_EPSG_4326_cropped_normalized_region_08.tif with region boundaries...
2024-12-16 16:02:51,708 - Raster plot saved to: /work/sy58xupo-CleaningSpace/Data/CONUS/tcc/tcc_bounds_epsg4326_region_08.png
2024-12-16 16:02:51,709 - Processing completed successfully.
2025-01-10 14:54:21,368 - ======================================================================
 >>  IDSProcessor initialized.
2025-01-10 14:54:21,369 - Loading CSV file for Region None...
