2025-02-24 10:00:21,240 - INFO - Loading environment variables...
2025-02-24 10:00:21,250 - INFO - Starting Sentinel-2 and S1DM pipeline for region 8...
2025-02-24 10:00:21,250 - INFO - Running Equi7GridCreator...
2025-02-24 10:00:21,250 - INFO - Logging initialized.
2025-02-24 10:00:21,250 - INFO - Loading environment variables.
2025-02-24 10:00:21,262 - INFO - Environment variables loaded successfully.
2025-02-24 10:00:21,262 - INFO - Starting grid creation process.
2025-02-24 10:00:21,262 - INFO - Extracting region shape.
2025-02-24 10:00:21,394 - INFO - Region shape extracted successfully.
2025-02-24 10:00:21,395 - INFO - Generating Equi7 grid.
2025-02-24 10:15:47,337 - INFO - Created 87,518 records
2025-02-24 10:15:51,725 - INFO - Created 87,518 records
2025-02-24 10:15:55,846 - INFO - Equi7 grid generated successfully.
2025-02-24 10:15:55,848 - INFO - Creating convex hulls.
2025-02-24 10:16:49,327 - INFO - Created 1,750 records
2025-02-24 10:16:49,328 - INFO - Convex hulls created successfully.
2025-02-24 10:16:49,513 - INFO - Performing grid intersection.
2025-02-24 10:16:49,711 - INFO - Created 840 records
2025-02-24 10:16:49,712 - INFO - Grid intersection completed successfully.
2025-02-24 10:16:51,453 - INFO - Grid intersection completed successfully.
2025-02-24 10:16:51,453 - INFO - plot intersected grid in batches of 100 cells.
2025-02-24 10:16:52,997 - INFO - Equi7 Grid creation completed.
2025-02-24 11:23:45,151 - INFO - Loading environment variables...
2025-02-24 11:26:38,770 - INFO - Loading environment variables...
2025-02-24 11:26:38,781 - INFO - Starting Sentinel-2 and S1DM pipeline for region 08...
2025-02-24 11:26:38,782 - ERROR - Error submitting SLURM jobs: cannot access local variable 'grid_cells' where it is not associated with a value
2025-02-24 11:29:39,082 - INFO - Loading environment variables...
2025-02-24 11:29:39,093 - INFO - Starting Sentinel-2 and S1DM pipeline for region 08...
2025-02-24 11:29:39,954 - INFO - Submitting SLURM job array with 840 tasks (max 20 concurrent)...
2025-02-24 11:29:39,969 - ERROR - Error submitting SLURM jobs: Command 'sbatch --array=0-839%20 s2downloader.sh /work/sy58xupo-cleaning/sy58xupo-CleaningSpace-1736389214/ForExD-WP1-P1/environment/.env 500' returned non-zero exit status 1.
2025-02-24 11:34:40,956 - INFO - Loading environment variables...
2025-02-24 11:34:40,968 - INFO - Starting Sentinel-2 and S1DM pipeline for region 08...
2025-02-24 11:34:41,158 - INFO - Submitting SLURM job array with 840 tasks (max 20 concurrent)...
2025-02-24 11:34:41,184 - INFO - Download SLURM job array submitted with Job ID: 12314966
2025-02-24 13:37:46,544 - INFO - Loading environment variables...
2025-02-24 13:37:46,564 - INFO - Starting Sentinel-2 and S1DM pipeline for region 08...
2025-02-24 13:37:46,637 - INFO - Submitting SLURM job array with 840 tasks (max 20 concurrent)...
2025-02-24 13:37:46,659 - INFO - Download SLURM job array submitted with Job ID: 12315277
2025-02-24 15:14:32,044 - INFO - Loading environment variables...
2025-02-24 15:14:32,067 - INFO - Starting Sentinel-2 and S1DM pipeline for region 08...
2025-02-24 15:14:32,426 - INFO - Submitting SLURM job array with 840 tasks (max 20 concurrent)...
2025-02-24 15:14:32,451 - INFO - Download SLURM job array submitted with Job ID: 12315692
2025-02-24 15:20:03,187 - INFO - Loading environment variables...
2025-02-24 15:20:03,200 - INFO - Starting Sentinel-2 and S1DM pipeline for region 08...
2025-02-24 15:20:03,273 - INFO - Submitting SLURM job array with 840 tasks (max 20 concurrent)...
2025-02-24 15:20:03,293 - INFO - Download SLURM job array submitted with Job ID: 12315921
2025-02-24 15:22:33,865 - INFO - Loading environment variables...
2025-02-24 15:22:33,876 - INFO - Starting Sentinel-2 and S1DM pipeline for region 08...
2025-02-24 15:22:33,949 - INFO - Submitting SLURM job array with 840 tasks (max 20 concurrent)...
2025-02-24 15:22:33,968 - INFO - Download SLURM job array submitted with Job ID: 12315955
2025-02-24 15:30:05,261 - INFO - Loading environment variables...
2025-02-24 15:30:05,271 - INFO - Starting Sentinel-2 and S1DM pipeline for region 08...
2025-02-24 15:30:05,343 - INFO - Submitting SLURM job array with 840 tasks (max 20 concurrent)...
2025-02-24 15:30:05,363 - INFO - Download SLURM job array submitted with Job ID: 12316029
2025-02-24 16:33:46,355 - INFO - Loading environment variables...
2025-02-24 16:33:46,411 - INFO - Starting Sentinel-2 and S1DM pipeline for region 08...
2025-02-24 16:33:46,485 - INFO - Submitting SLURM job array with 840 tasks (max 20 concurrent)...
2025-02-24 16:33:46,506 - INFO - Download SLURM job array submitted with Job ID: 12316393
