2024-12-10 13:11:24,056 - Starting batch processing...
2024-12-10 13:11:24,101 - Processing file: /home/sc.uni-leipzig.de/sy58xupo/Data/S1_TILES_R8/s1_change_detection_northamerica/EQUI7_NA020M_E090N030T3_rqatrend_VH_A_thresh_3.0_year_2016_cluster_compressed.nc for year 2016
2024-12-10 13:11:24,101 - Processing file: /home/sc.uni-leipzig.de/sy58xupo/Data/S1_TILES_R8/s1_change_detection_northamerica/EQUI7_NA020M_E090N030T3_rqatrend_VH_A_thresh_3.0_year_2021_cluster_compressed.nc for year 2021
2024-12-10 13:11:24,101 - Processing file: /home/sc.uni-leipzig.de/sy58xupo/Data/S1_TILES_R8/s1_change_detection_northamerica/EQUI7_NA020M_E093N033T3_rqatrend_VH_A_thresh_3.0_year_2018_cluster_compressed.nc for year 2018
2024-12-10 13:11:24,101 - Processing file: /home/sc.uni-leipzig.de/sy58xupo/Data/S1_TILES_R8/s1_change_detection_northamerica/EQUI7_NA020M_E090N027T3_rqatrend_VH_A_thresh_3.0_year_2017_cluster_compressed.nc for year 2017
2024-12-10 13:11:37,652 - Opening TCC file...
2024-12-10 13:11:37,656 - GDAL signalled an error: err_no=4, msg='/home/sc.uni-leipzig.de/sy58xupo/Data/CONUS/tcc/wp1_nlcd_tcc_conus_2017_v2021_4_20m_EPSG_4326_cropped_normalized_region_08.tif: No such file or directory'
2024-12-10 13:11:37,656 - Error opening TCC file: /home/sc.uni-leipzig.de/sy58xupo/Data/CONUS/tcc/wp1_nlcd_tcc_conus_2017_v2021_4_20m_EPSG_4326_cropped_normalized_region_08.tif: No such file or directory
2024-12-10 13:11:37,656 - Polygon extraction completed successfully for EQUI7_NA020M_E090N030T3_rqatrend_VH_A_thresh_3.0_year_2021_cluster_compressed.nc.
2024-12-10 13:11:37,666 - Error during polygon extraction for /home/sc.uni-leipzig.de/sy58xupo/Data/S1_TILES_R8/s1_change_detection_northamerica/EQUI7_NA020M_E090N030T3_rqatrend_VH_A_thresh_3.0_year_2021_cluster_compressed.nc: 'NoneType' object is not subscriptable
2024-12-10 13:11:37,667 - Extraction failed for EQUI7_NA020M_E090N030T3_rqatrend_VH_A_thresh_3.0_year_2021_cluster_compressed.nc
2024-12-10 13:11:37,668 - Processing file: /home/sc.uni-leipzig.de/sy58xupo/Data/S1_TILES_R8/s1_change_detection_northamerica/EQUI7_NA020M_E093N024T3_rqatrend_VH_A_thresh_3.0_year_2019_cluster_compressed.nc for year 2019
2024-12-10 13:11:37,825 - Opening TCC file...
2024-12-10 13:11:37,828 - GDAL signalled an error: err_no=4, msg='/home/sc.uni-leipzig.de/sy58xupo/Data/CONUS/tcc/wp1_nlcd_tcc_conus_2017_v2021_4_20m_EPSG_4326_cropped_normalized_region_08.tif: No such file or directory'
2024-12-10 13:11:37,828 - Error opening TCC file: /home/sc.uni-leipzig.de/sy58xupo/Data/CONUS/tcc/wp1_nlcd_tcc_conus_2017_v2021_4_20m_EPSG_4326_cropped_normalized_region_08.tif: No such file or directory
2024-12-10 13:11:37,828 - Polygon extraction completed successfully for EQUI7_NA020M_E093N033T3_rqatrend_VH_A_thresh_3.0_year_2018_cluster_compressed.nc.
2024-12-10 13:11:37,836 - Error during polygon extraction for /home/sc.uni-leipzig.de/sy58xupo/Data/S1_TILES_R8/s1_change_detection_northamerica/EQUI7_NA020M_E093N033T3_rqatrend_VH_A_thresh_3.0_year_2018_cluster_compressed.nc: 'NoneType' object is not subscriptable
2024-12-10 13:11:37,836 - Extraction failed for EQUI7_NA020M_E093N033T3_rqatrend_VH_A_thresh_3.0_year_2018_cluster_compressed.nc
2024-12-10 13:11:37,837 - Processing file: /home/sc.uni-leipzig.de/sy58xupo/Data/S1_TILES_R8/s1_change_detection_northamerica/EQUI7_NA020M_E090N027T3_rqatrend_VH_A_thresh_3.0_year_2020_cluster_compressed.nc for year 2020
2024-12-10 13:11:38,190 - Opening TCC file...
2024-12-10 13:11:38,193 - GDAL signalled an error: err_no=4, msg='/home/sc.uni-leipzig.de/sy58xupo/Data/CONUS/tcc/wp1_nlcd_tcc_conus_2017_v2021_4_20m_EPSG_4326_cropped_normalized_region_08.tif: No such file or directory'
2024-12-10 13:11:38,194 - Error opening TCC file: /home/sc.uni-leipzig.de/sy58xupo/Data/CONUS/tcc/wp1_nlcd_tcc_conus_2017_v2021_4_20m_EPSG_4326_cropped_normalized_region_08.tif: No such file or directory
2024-12-10 13:11:38,194 - Polygon extraction completed successfully for EQUI7_NA020M_E090N027T3_rqatrend_VH_A_thresh_3.0_year_2017_cluster_compressed.nc.
2024-12-10 13:11:38,201 - Error during polygon extraction for /home/sc.uni-leipzig.de/sy58xupo/Data/S1_TILES_R8/s1_change_detection_northamerica/EQUI7_NA020M_E090N027T3_rqatrend_VH_A_thresh_3.0_year_2017_cluster_compressed.nc: 'NoneType' object is not subscriptable
2024-12-10 13:11:38,201 - Extraction failed for EQUI7_NA020M_E090N027T3_rqatrend_VH_A_thresh_3.0_year_2017_cluster_compressed.nc
2024-12-10 13:11:39,931 - Opening TCC file...
2024-12-10 13:11:39,934 - GDAL signalled an error: err_no=4, msg='/home/sc.uni-leipzig.de/sy58xupo/Data/CONUS/tcc/wp1_nlcd_tcc_conus_2017_v2021_4_20m_EPSG_4326_cropped_normalized_region_08.tif: No such file or directory'
2024-12-10 13:11:39,935 - Error opening TCC file: /home/sc.uni-leipzig.de/sy58xupo/Data/CONUS/tcc/wp1_nlcd_tcc_conus_2017_v2021_4_20m_EPSG_4326_cropped_normalized_region_08.tif: No such file or directory
2024-12-10 13:11:39,935 - Polygon extraction completed successfully for EQUI7_NA020M_E090N030T3_rqatrend_VH_A_thresh_3.0_year_2016_cluster_compressed.nc.
2024-12-10 13:11:39,942 - Error during polygon extraction for /home/sc.uni-leipzig.de/sy58xupo/Data/S1_TILES_R8/s1_change_detection_northamerica/EQUI7_NA020M_E090N030T3_rqatrend_VH_A_thresh_3.0_year_2016_cluster_compressed.nc: 'NoneType' object is not subscriptable
2024-12-10 13:11:39,942 - Extraction failed for EQUI7_NA020M_E090N030T3_rqatrend_VH_A_thresh_3.0_year_2016_cluster_compressed.nc
2024-12-10 13:11:50,545 - Opening TCC file...
2024-12-10 13:11:50,548 - GDAL signalled an error: err_no=4, msg='/home/sc.uni-leipzig.de/sy58xupo/Data/CONUS/tcc/wp1_nlcd_tcc_conus_2017_v2021_4_20m_EPSG_4326_cropped_normalized_region_08.tif: No such file or directory'
2024-12-10 13:11:50,548 - Error opening TCC file: /home/sc.uni-leipzig.de/sy58xupo/Data/CONUS/tcc/wp1_nlcd_tcc_conus_2017_v2021_4_20m_EPSG_4326_cropped_normalized_region_08.tif: No such file or directory
2024-12-10 13:11:50,548 - Polygon extraction completed successfully for EQUI7_NA020M_E090N027T3_rqatrend_VH_A_thresh_3.0_year_2020_cluster_compressed.nc.
2024-12-10 13:11:50,553 - Error during polygon extraction for /home/sc.uni-leipzig.de/sy58xupo/Data/S1_TILES_R8/s1_change_detection_northamerica/EQUI7_NA020M_E090N027T3_rqatrend_VH_A_thresh_3.0_year_2020_cluster_compressed.nc: 'NoneType' object is not subscriptable
2024-12-10 13:11:50,553 - Extraction failed for EQUI7_NA020M_E090N027T3_rqatrend_VH_A_thresh_3.0_year_2020_cluster_compressed.nc
2024-12-10 13:11:51,136 - Opening TCC file...
2024-12-10 13:11:51,139 - GDAL signalled an error: err_no=4, msg='/home/sc.uni-leipzig.de/sy58xupo/Data/CONUS/tcc/wp1_nlcd_tcc_conus_2017_v2021_4_20m_EPSG_4326_cropped_normalized_region_08.tif: No such file or directory'
2024-12-10 13:11:51,139 - Error opening TCC file: /home/sc.uni-leipzig.de/sy58xupo/Data/CONUS/tcc/wp1_nlcd_tcc_conus_2017_v2021_4_20m_EPSG_4326_cropped_normalized_region_08.tif: No such file or directory
2024-12-10 13:11:51,139 - Polygon extraction completed successfully for EQUI7_NA020M_E093N024T3_rqatrend_VH_A_thresh_3.0_year_2019_cluster_compressed.nc.
2024-12-10 13:11:51,143 - Error during polygon extraction for /home/sc.uni-leipzig.de/sy58xupo/Data/S1_TILES_R8/s1_change_detection_northamerica/EQUI7_NA020M_E093N024T3_rqatrend_VH_A_thresh_3.0_year_2019_cluster_compressed.nc: 'NoneType' object is not subscriptable
2024-12-10 13:11:51,144 - Extraction failed for EQUI7_NA020M_E093N024T3_rqatrend_VH_A_thresh_3.0_year_2019_cluster_compressed.nc
2024-12-10 13:11:51,183 - All individual files processed. Starting merge of shapefiles...
2024-12-10 13:11:51,183 - Merging shapefiles from /home/sc.uni-leipzig.de/sy58xupo/ForExD-WP1-P1/results_clean/03_s1cd_polygons
2024-12-10 13:21:24,091 - Starting batch processing...
2024-12-10 13:21:24,136 - Processing file: /home/sc.uni-leipzig.de/sy58xupo/Data/S1_TILES_R8/s1_change_detection_northamerica/EQUI7_NA020M_E090N030T3_rqatrend_VH_A_thresh_3.0_year_2016_cluster_compressed.nc for year 2016
2024-12-10 13:21:24,137 - Processing file: /home/sc.uni-leipzig.de/sy58xupo/Data/S1_TILES_R8/s1_change_detection_northamerica/EQUI7_NA020M_E090N030T3_rqatrend_VH_A_thresh_3.0_year_2021_cluster_compressed.nc for year 2021
2024-12-10 13:21:24,137 - Processing file: /home/sc.uni-leipzig.de/sy58xupo/Data/S1_TILES_R8/s1_change_detection_northamerica/EQUI7_NA020M_E093N033T3_rqatrend_VH_A_thresh_3.0_year_2018_cluster_compressed.nc for year 2018
2024-12-10 13:21:24,137 - Processing file: /home/sc.uni-leipzig.de/sy58xupo/Data/S1_TILES_R8/s1_change_detection_northamerica/EQUI7_NA020M_E090N027T3_rqatrend_VH_A_thresh_3.0_year_2017_cluster_compressed.nc for year 2017
2024-12-10 13:21:37,584 - Opening TCC file...
2024-12-10 13:21:37,598 - Extracting spatial extent from the dataset...
2024-12-10 13:21:37,600 - Selecting subset from TCC data...
2024-12-10 13:21:38,038 - Opening TCC file...
2024-12-10 13:21:38,052 - Extracting spatial extent from the dataset...
2024-12-10 13:21:38,054 - Selecting subset from TCC data...
2024-12-10 13:21:38,854 - Opening TCC file...
2024-12-10 13:21:38,868 - Extracting spatial extent from the dataset...
2024-12-10 13:21:38,870 - Selecting subset from TCC data...
2024-12-10 13:21:39,922 - Opening TCC file...
2024-12-10 13:21:39,937 - Extracting spatial extent from the dataset...
2024-12-10 13:21:39,939 - Selecting subset from TCC data...
2024-12-10 13:21:54,235 - Interpolating normalized subset to match dataset's coordinates...
2024-12-10 13:22:00,992 - Interpolating normalized subset to match dataset's coordinates...
2024-12-10 13:22:01,469 - Applying mask to dataset...
2024-12-10 13:22:04,550 - Polygon extraction completed successfully for EQUI7_NA020M_E093N033T3_rqatrend_VH_A_thresh_3.0_year_2018_cluster_compressed.nc.
2024-12-10 13:22:05,428 - Applying mask to dataset...
2024-12-10 13:22:05,565 - Interpolating normalized subset to match dataset's coordinates...
2024-12-10 13:22:05,568 - Interpolating normalized subset to match dataset's coordinates...
2024-12-10 13:22:07,822 - Polygon extraction completed successfully for EQUI7_NA020M_E090N027T3_rqatrend_VH_A_thresh_3.0_year_2017_cluster_compressed.nc.
2024-12-10 13:22:09,766 - Applying mask to dataset...
2024-12-10 13:22:09,782 - Applying mask to dataset...
2024-12-10 13:22:11,677 - Polygon extraction completed successfully for EQUI7_NA020M_E090N030T3_rqatrend_VH_A_thresh_3.0_year_2021_cluster_compressed.nc.
2024-12-10 13:22:11,795 - Polygon extraction completed successfully for EQUI7_NA020M_E090N030T3_rqatrend_VH_A_thresh_3.0_year_2016_cluster_compressed.nc.
2024-12-10 13:27:07,127 - Polygon extraction completed successfully for EQUI7_NA020M_E090N030T3_rqatrend_VH_A_thresh_3.0_year_2021_cluster_compressed.nc.
2024-12-10 13:27:07,942 - Step 1: Loading and buffering USDA polygons...
2024-12-10 13:27:08,655 - Step 2: Filtering USDA polygons within ±0 years of 2021...
2024-12-10 13:27:08,659 - Step 3: Calculating area before intersection...
2024-12-10 13:27:10,598 - Step 4: Performing spatial join to find intersecting polygons...
2024-12-10 13:27:10,608 - Step 5: Calculating area after intersection...
2024-12-10 13:27:10,615 - Step 6: Aggregating geometries by USDA_IDX...
2024-12-10 13:27:10,629 - Step 7: Reprojecting and saving output shapefile...
2024-12-10 13:27:10,642 - Created 0 records
2024-12-10 13:27:10,645 - Polygon extraction successful for /home/sc.uni-leipzig.de/sy58xupo/Data/S1_TILES_R8/s1_change_detection_northamerica/EQUI7_NA020M_E090N030T3_rqatrend_VH_A_thresh_3.0_year_2021_cluster_compressed.nc, saved to /home/sc.uni-leipzig.de/sy58xupo/ForExD-WP1-P1/results_clean/03_s1cd_polygons
2024-12-10 13:27:10,645 - Extraction successful for EQUI7_NA020M_E090N030T3_rqatrend_VH_A_thresh_3.0_year_2021_cluster_compressed.nc
2024-12-10 13:27:10,906 - Processing file: /home/sc.uni-leipzig.de/sy58xupo/Data/S1_TILES_R8/s1_change_detection_northamerica/EQUI7_NA020M_E093N024T3_rqatrend_VH_A_thresh_3.0_year_2019_cluster_compressed.nc for year 2019
2024-12-10 13:27:34,917 - Opening TCC file...
2024-12-10 13:27:34,932 - Extracting spatial extent from the dataset...
2024-12-10 13:27:34,933 - Selecting subset from TCC data...
2024-12-10 13:27:54,436 - Interpolating normalized subset to match dataset's coordinates...
2024-12-10 13:27:59,787 - Applying mask to dataset...
2024-12-10 13:28:02,025 - Polygon extraction completed successfully for EQUI7_NA020M_E093N024T3_rqatrend_VH_A_thresh_3.0_year_2019_cluster_compressed.nc.
2024-12-10 13:28:50,201 - Polygon extraction completed successfully for EQUI7_NA020M_E093N033T3_rqatrend_VH_A_thresh_3.0_year_2018_cluster_compressed.nc.
2024-12-10 13:28:51,123 - Step 1: Loading and buffering USDA polygons...
2024-12-10 13:28:51,839 - Step 2: Filtering USDA polygons within ±0 years of 2018...
2024-12-10 13:28:51,842 - Step 3: Calculating area before intersection...
2024-12-10 13:28:53,965 - Step 4: Performing spatial join to find intersecting polygons...
2024-12-10 13:28:54,057 - Step 5: Calculating area after intersection...
2024-12-10 13:28:54,063 - Step 6: Aggregating geometries by USDA_IDX...
2024-12-10 13:28:54,073 - Step 7: Reprojecting and saving output shapefile...
2024-12-10 13:28:54,083 - Created 0 records
2024-12-10 13:28:54,086 - Polygon extraction successful for /home/sc.uni-leipzig.de/sy58xupo/Data/S1_TILES_R8/s1_change_detection_northamerica/EQUI7_NA020M_E093N033T3_rqatrend_VH_A_thresh_3.0_year_2018_cluster_compressed.nc, saved to /home/sc.uni-leipzig.de/sy58xupo/ForExD-WP1-P1/results_clean/03_s1cd_polygons
2024-12-10 13:28:54,086 - Extraction successful for EQUI7_NA020M_E093N033T3_rqatrend_VH_A_thresh_3.0_year_2018_cluster_compressed.nc
2024-12-10 13:28:54,368 - Processing file: /home/sc.uni-leipzig.de/sy58xupo/Data/S1_TILES_R8/s1_change_detection_northamerica/EQUI7_NA020M_E090N027T3_rqatrend_VH_A_thresh_3.0_year_2020_cluster_compressed.nc for year 2020
2024-12-10 13:29:09,045 - Opening TCC file...
2024-12-10 13:29:09,060 - Extracting spatial extent from the dataset...
2024-12-10 13:29:09,061 - Selecting subset from TCC data...
2024-12-10 13:29:27,255 - Interpolating normalized subset to match dataset's coordinates...
2024-12-10 13:29:41,405 - Applying mask to dataset...
2024-12-10 13:29:46,247 - Polygon extraction completed successfully for EQUI7_NA020M_E090N027T3_rqatrend_VH_A_thresh_3.0_year_2020_cluster_compressed.nc.
2024-12-10 13:31:08,026 - Starting batch processing...
2024-12-10 13:31:08,079 - Processing file: /home/sc.uni-leipzig.de/sy58xupo/Data/S1_TILES_R8/s1_change_detection_northamerica/EQUI7_NA020M_E090N030T3_rqatrend_VH_A_thresh_3.0_year_2016_cluster_compressed.nc for year 2016
2024-12-10 13:31:08,082 - Processing file: /home/sc.uni-leipzig.de/sy58xupo/Data/S1_TILES_R8/s1_change_detection_northamerica/EQUI7_NA020M_E090N030T3_rqatrend_VH_A_thresh_3.0_year_2021_cluster_compressed.nc for year 2021
2024-12-10 13:31:08,082 - Processing file: /home/sc.uni-leipzig.de/sy58xupo/Data/S1_TILES_R8/s1_change_detection_northamerica/EQUI7_NA020M_E093N033T3_rqatrend_VH_A_thresh_3.0_year_2018_cluster_compressed.nc for year 2018
2024-12-10 13:31:08,085 - Processing file: /home/sc.uni-leipzig.de/sy58xupo/Data/S1_TILES_R8/s1_change_detection_northamerica/EQUI7_NA020M_E090N027T3_rqatrend_VH_A_thresh_3.0_year_2017_cluster_compressed.nc for year 2017
2024-12-10 13:31:26,711 - Opening TCC file...
2024-12-10 13:31:26,732 - Extracting spatial extent from the dataset...
2024-12-10 13:31:26,734 - Selecting subset from TCC data...
2024-12-10 13:31:27,475 - Opening TCC file...
2024-12-10 13:31:27,500 - Extracting spatial extent from the dataset...
2024-12-10 13:31:27,503 - Selecting subset from TCC data...
2024-12-10 13:31:28,203 - Opening TCC file...
2024-12-10 13:31:28,220 - Extracting spatial extent from the dataset...
2024-12-10 13:31:28,222 - Selecting subset from TCC data...
2024-12-10 13:31:29,730 - Opening TCC file...
2024-12-10 13:31:29,749 - Extracting spatial extent from the dataset...
2024-12-10 13:31:29,751 - Selecting subset from TCC data...
2024-12-10 13:31:51,599 - Interpolating normalized subset to match dataset's coordinates...
2024-12-10 13:31:57,076 - Interpolating normalized subset to match dataset's coordinates...
