2024-09-03 18:37:41,619 - INFO - > Available CUDA devices: 1
2024-09-03 18:37:41,749 - INFO - > Load the Minicube 0 ...
2024-09-03 18:37:41,848 - INFO - > Load the Minicube 1 ...
2024-09-03 18:37:41,994 - INFO - > Load the Minicube 2 ...
2024-09-03 18:37:41,998 - INFO - Resolution: 10
2024-09-03 18:37:42,126 - INFO - > Load the Minicube 3 ...
2024-09-03 18:37:42,270 - INFO - > Load the Minicube 4 ...
2024-09-03 18:37:42,272 - INFO - Resolution: 10
2024-09-03 18:37:42,279 - INFO - Resolution: 10
2024-09-03 18:37:42,279 - INFO - > Load the Minicube 5 ...
2024-09-03 18:37:42,282 - INFO - Resolution: 10
2024-09-03 18:37:42,420 - INFO - Resolution: 10
2024-09-03 18:37:42,420 - INFO - > Load the Minicube 6 ...
2024-09-03 18:37:42,421 - INFO - > Load the Minicube 7 ...
2024-09-03 18:37:42,422 - INFO - > Load the Minicube 8 ...
2024-09-03 18:37:42,423 - INFO - > Load the Minicube 9 ...
2024-09-03 18:37:42,423 - INFO - > Load the Minicube 10 ...
2024-09-03 18:37:42,565 - INFO - Resolution: 10
2024-09-03 18:37:42,686 - INFO - Resolution: 10
2024-09-03 18:37:43,101 - INFO - Resolution: 10
2024-09-03 18:37:43,237 - INFO - Resolution: 10
2024-09-03 18:37:43,250 - INFO - Resolution: 10
2024-09-03 18:37:43,255 - INFO - Resolution: 10
2024-09-03 18:38:02,046 - INFO - > Save the Minicube 9 ...
2024-09-03 18:38:03,847 - INFO - > Save the Minicube 3 ...
2024-09-03 18:38:04,937 - INFO - > Save the Minicube 2 ...
2024-09-03 18:38:06,900 - INFO - > Save the Minicube 10 ...
2024-09-03 18:38:07,005 - INFO - > Save the Minicube 4 ...
2024-09-03 18:38:10,169 - INFO - > Save the Minicube 6 ...
2024-09-03 18:38:10,531 - INFO - > Save the Minicube 8 ...
2024-09-03 18:38:11,664 - INFO - > Save the Minicube 0 ...
2024-09-03 18:38:12,192 - INFO - > Save the Minicube 1 ...
2024-09-03 18:38:12,250 - INFO - > Save the Minicube 7 ...
2024-09-03 18:38:12,325 - INFO - > Save the Minicube 5 ...
2024-09-03 18:38:12,347 - ERROR - An error occurred for index 10: path '' contains a group
2024-09-03 19:16:01,159 - INFO - > Successfully saved the Minicube 7 at /net/projects/forexd/WP1/Data/S2_Cubes_IDS_R8//7_10_512_20152024_equi7_NA.zarr ...
2024-09-03 19:16:03,016 - INFO - > Successfully saved the Minicube 5 at /net/projects/forexd/WP1/Data/S2_Cubes_IDS_R8//5_10_512_20152024_equi7_NA.zarr ...
2024-09-03 19:16:03,232 - INFO - > Successfully saved the Minicube 8 at /net/projects/forexd/WP1/Data/S2_Cubes_IDS_R8//8_10_512_20152024_equi7_NA.zarr ...
2024-09-03 19:16:05,560 - INFO - > Successfully saved the Minicube 9 at /net/projects/forexd/WP1/Data/S2_Cubes_IDS_R8//9_10_512_20152024_equi7_NA.zarr ...
2024-09-03 19:16:06,931 - INFO - > Successfully saved the Minicube 6 at /net/projects/forexd/WP1/Data/S2_Cubes_IDS_R8//6_10_512_20152024_equi7_NA.zarr ...
2024-09-03 19:16:11,904 - INFO - > Successfully saved the Minicube 4 at /net/projects/forexd/WP1/Data/S2_Cubes_IDS_R8//4_10_512_20152024_equi7_NA.zarr ...
2024-09-03 19:16:44,608 - INFO - > Successfully saved the Minicube 1 at /net/projects/forexd/WP1/Data/S2_Cubes_IDS_R8//1_10_512_20152024_equi7_NA.zarr ...
2024-09-03 19:17:14,220 - INFO - > Successfully saved the Minicube 0 at /net/projects/forexd/WP1/Data/S2_Cubes_IDS_R8//0_10_512_20152024_equi7_NA.zarr ...
2024-09-03 19:17:22,302 - INFO - > Successfully saved the Minicube 3 at /net/projects/forexd/WP1/Data/S2_Cubes_IDS_R8//3_10_512_20152024_equi7_NA.zarr ...
2024-09-03 19:17:27,149 - INFO - > Successfully saved the Minicube 2 at /net/projects/forexd/WP1/Data/S2_Cubes_IDS_R8//2_10_512_20152024_equi7_NA.zarr ...
2024-09-03 19:17:27,154 - INFO - Total execution time: 2385.57 seconds
